<?xml version="1.0" encoding="UTF-8"?>
<!-- Generated by org.testng.reporters.JUnitReportReporter -->
<testsuite skipped="0" hostname="raaj-PC" name="MagentoTest" tests="1" failures="0" timestamp="13 Oct 2018 05:44:44 GMT" time="176.549" errors="0">
  <testcase name="posCredentials" time="176.549" classname="MagentoTest"/>
</testsuite> <!-- MagentoTest -->
